<?xml version="1.0" encoding="UTF-8"?>
<!-- Generated by org.testng.reporters.JUnitReportReporter -->
<testsuite hostname="LAPTOP-B8G85UAF" failures="0" tests="1" name="com.Ecommerce.JBMarketPlace.Practice.FirstScenario" time="5.069" errors="0" timestamp="2024-01-22T22:25:07 IST" skipped="0">
  <testcase classname="com.Ecommerce.JBMarketPlace.Practice.FirstScenario" name="verifyUserSelectDropdownOptionorNot" time="5.069"/>
  <system-out/>
</testsuite> <!-- com.Ecommerce.JBMarketPlace.Practice.FirstScenario -->
